<?xml version="1.0" encoding="UTF-8"?>
<!-- Generated by org.testng.reporters.JUnitXMLReporter -->
<testsuite ignored="0" hostname="DESKTOP-RR73ETU" failures="0" tests="3" name="EndToEndTestFramework" time="60.835" errors="0" timestamp="2024-03-13T16:01:22 IST">
  <testcase classname="com.mobileautomationframework.android.BaseClass" name="@BeforeClass configAppiumServer" time="30.398">
    <failure type="io.appium.java_client.service.local.AppiumServerHasNotBeenStartedLocallyException" message="The local appium server has not been started
Reason: Timed out waiting for [http://127.0.0.1:4723/status] to be available after 30023 ms
Consider increasing the server startup timeout value (currently 30000ms)
Node.js executable path: C:\Program Files\nodejs\node.exe
Arguments: [C:\Users\Windows 11\AppData\Roaming\npm\node_modules\appium\build\lib\main.js, --port, 4723, --address, 127.0.0.1]">
      <![CDATA[io.appium.java_client.service.local.AppiumServerHasNotBeenStartedLocallyException: The local appium server has not been started
Reason: Timed out waiting for [http://127.0.0.1:4723/status] to be available after 30023 ms
Consider increasing the server startup timeout value (currently 30000ms)
Node.js executable path: C:\Program Files\nodejs\node.exe
Arguments: [C:\Users\Windows 11\AppData\Roaming\npm\node_modules\appium\build\lib\main.js, --port, 4723, --address, 127.0.0.1]
at io.appium.java_client.service.local.AppiumDriverLocalService.start(AppiumDriverLocalService.java:201)
at com.mobileautomationframework.android.BaseClass.configAppiumServer(BaseClass.java:51)
at java.base/java.util.ArrayList.forEach(ArrayList.java:1511)
Caused by: org.openqa.selenium.net.UrlChecker$TimeoutException: Timed out waiting for [http://127.0.0.1:4723/status] to be available after 30023 ms
at org.openqa.selenium.net.UrlChecker.waitUntilAvailable(UrlChecker.java:94)
at io.appium.java_client.service.local.AppiumDriverLocalService.ping(AppiumDriverLocalService.java:157)
at io.appium.java_client.service.local.AppiumDriverLocalService.start(AppiumDriverLocalService.java:180)
... 27 more
Caused by: java.util.concurrent.TimeoutException
at java.base/java.util.concurrent.FutureTask.get(FutureTask.java:204)
at org.openqa.selenium.net.UrlChecker.waitUntilAvailable(UrlChecker.java:91)
... 29 more
... Removed 25 stack frames]]>
    </failure>
  </testcase> <!-- @BeforeClass configAppiumServer -->
  <testcase classname="com.mobileautomationframework.android.BaseClass" name="@AfterClass tearDown" time="0.0">
    <skipped/>
  </testcase> <!-- @AfterClass tearDown -->
  <testcase classname="com.mobileautomationframework.android.BaseClass" name="@BeforeClass configAppiumServer" time="30.124">
    <failure type="io.appium.java_client.service.local.AppiumServerHasNotBeenStartedLocallyException" message="The local appium server has not been started
Reason: Timed out waiting for [http://127.0.0.1:4723/status] to be available after 30025 ms
Consider increasing the server startup timeout value (currently 30000ms)
Node.js executable path: C:\Program Files\nodejs\node.exe
Arguments: [C:\Users\Windows 11\AppData\Roaming\npm\node_modules\appium\build\lib\main.js, --port, 4723, --address, 127.0.0.1]">
      <![CDATA[io.appium.java_client.service.local.AppiumServerHasNotBeenStartedLocallyException: The local appium server has not been started
Reason: Timed out waiting for [http://127.0.0.1:4723/status] to be available after 30025 ms
Consider increasing the server startup timeout value (currently 30000ms)
Node.js executable path: C:\Program Files\nodejs\node.exe
Arguments: [C:\Users\Windows 11\AppData\Roaming\npm\node_modules\appium\build\lib\main.js, --port, 4723, --address, 127.0.0.1]
at io.appium.java_client.service.local.AppiumDriverLocalService.start(AppiumDriverLocalService.java:201)
at com.mobileautomationframework.android.BaseClass.configAppiumServer(BaseClass.java:51)
at java.base/java.util.ArrayList.forEach(ArrayList.java:1511)
Caused by: org.openqa.selenium.net.UrlChecker$TimeoutException: Timed out waiting for [http://127.0.0.1:4723/status] to be available after 30025 ms
at org.openqa.selenium.net.UrlChecker.waitUntilAvailable(UrlChecker.java:94)
at io.appium.java_client.service.local.AppiumDriverLocalService.ping(AppiumDriverLocalService.java:157)
at io.appium.java_client.service.local.AppiumDriverLocalService.start(AppiumDriverLocalService.java:180)
... 27 more
Caused by: java.util.concurrent.TimeoutException
at java.base/java.util.concurrent.FutureTask.get(FutureTask.java:204)
at org.openqa.selenium.net.UrlChecker.waitUntilAvailable(UrlChecker.java:91)
... 29 more
... Removed 25 stack frames]]>
    </failure>
  </testcase> <!-- @BeforeClass configAppiumServer -->
  <testcase classname="com.mobileautomationframework.android.BaseClass" name="@AfterClass tearDown" time="0.0">
    <skipped/>
  </testcase> <!-- @AfterClass tearDown -->
  <testcase classname="com.mobileautomationframework.android.demoEcommerceAppTC1" name="enterblankUserLogin" time="0.001">
    <skipped/>
  </testcase> <!-- enterblankUserLogin -->
  <testcase classname="com.mobileautomationframework.android.demoEcommerceAppE2ETC" name="enterblankUserLogin" time="0.001">
    <skipped/>
  </testcase> <!-- enterblankUserLogin -->
  <testcase classname="com.mobileautomationframework.android.demoEcommerceAppE2ETC" name="enterValidLogin" time="0.0">
    <skipped/>
  </testcase> <!-- enterValidLogin -->
</testsuite> <!-- EndToEndTestFramework -->
