<?xml version="1.0" encoding="UTF-8"?>
<!-- Generated by org.testng.reporters.JUnitXMLReporter -->
<testsuite ignored="0" hostname="DESKTOP-RR73ETU" failures="0" tests="3" name="Test" time="209.116" errors="0" timestamp="2024-03-17T23:02:52 IST">
  <testcase classname="com.mobileautomationframework.android.demoEcommerceAppTC1" name="enterblankUserLogin" time="17.85"/>
  <testcase classname="com.mobileautomationframework.android.demoEcommerceAppE2ETC" name="enterblankUserLogin" time="10.344"/>
  <testcase classname="com.mobileautomationframework.android.demoEcommerceAppE2ETC" name="enterValidLogin" time="45.135"/>
</testsuite> <!-- Test -->
