<?xml version="1.0" encoding="UTF-8"?>
<!-- Generated by org.testng.reporters.JUnitXMLReporter -->
<testsuite ignored="2" hostname="DESKTOP-RR73ETU" failures="0" tests="1" name="Test" time="119.766" errors="0" timestamp="2024-03-19T01:09:02 IST">
  <testcase classname="com.mobileautomationframework.android.demoEcommerceAppE2ETC" name="enterblankUserLogin" time="18.29"/>
  <testcase classname="com.mobileautomationframework.android.demoEcommerceAppTC1" name="enterblankUserLogin" time="0.0">
    <ignored/>
  </testcase> <!-- enterblankUserLogin -->
  <testcase classname="com.mobileautomationframework.android.demoEcommerceAppE2ETC" name="enterValidLogin" time="0.0">
    <ignored/>
  </testcase> <!-- enterValidLogin -->
</testsuite> <!-- Test -->
