<?xml version="1.0" encoding="UTF-8"?>
<testsuite xmlns:xsi="http://www.w3.org/2001/XMLSchema-instance" xsi:noNamespaceSchemaLocation="https://maven.apache.org/surefire/maven-surefire-plugin/xsd/surefire-test-report-3.0.xsd" version="3.0" name="TestSuite" time="125.065" tests="1" errors="0" skipped="0" failures="0">
  <properties>
[...]
</properties>
  <testcase name="enterblankUserLogin" classname="com.mobileautomationframework.android.demoEcommerceAppE2ETC" time="18.302">
    <system-out><![CDATA[Extent report configuration is set
WARN Appium Appium encountered 2 warnings while validating drivers found in manifest C:\Users\Windows 11\.appium\node_modules\.cache\appium\extensions.yaml
WARN Appium Driver "xcuitest" has 1 potential problem: 
WARN Appium   - Driver "xcuitest" (package `appium-xcuitest-driver`) may be incompatible with the current version of Appium (v2.2.3) due to its peer dependency on older Appium v^2.4.1. Please upgrade `appium-xcuitest-driver` to v7.3.1 or newer.
&amp#27;[35m[Appium]&amp#27;[39m Welcome to Appium v2.2.3
&amp#27;[35m[Appium]&amp#27;[39m Non-default server args:
&amp#27;[35m[Appium]&amp#27;[39m { address: &amp#27;[32m'127.0.0.1'&amp#27;[39m }
&amp#27;[35m[Appium]&amp#27;[39m Attempting to load driver uiautomator2...
&amp#27;[35m[Appium]&amp#27;[39m Requiring driver at C:\Users\Windows 11\.appium\node_modules\appium-uiautomator2-driver
&amp#27;[35m[Appium]&amp#27;[39m Attempting to load driver xcuitest...
&amp#27;[35m[Appium]&amp#27;[39m Requiring driver at C:\Users\Windows 11\.appium\node_modules\appium-xcuitest-driver
&amp#27;[35m[Appium]&amp#27;[39m Appium REST http interface listener started on http://127.0.0.1:4723
&amp#27;[35m[Appium]&amp#27;[39m Available drivers:
&amp#27;[35m[Appium]&amp#27;[39m   - uiautomator2@2.34.2 (automationName 'UiAutomator2')
&amp#27;[35m[Appium]&amp#27;[39m   - xcuitest@7.3.0 (automationName 'XCUITest')
&amp#27;[35m[Appium]&amp#27;[39m No plugins have been installed. Use the "appium plugin" command to install the one(s) you want to use.
&amp#27;[38;5;0m[HTTP]&amp#27;[0m &amp#27;[37m-->&amp#27;[39m &amp#27;[37mGET&amp#27;[39m &amp#27;[37m/status&amp#27;[39m
&amp#27;[38;5;0m[HTTP]&amp#27;[0m &amp#27;[90m{}&amp#27;[39m
&amp#27;[38;5;16m[AppiumDriver@7fae]&amp#27;[0m Calling AppiumDriver.getStatus() with args: []
&amp#27;[38;5;16m[AppiumDriver@7fae]&amp#27;[0m Responding to client with driver.getStatus() result: {"ready":true,"message":"The server is ready to accept new connections","build":{"version":"2.2.3"}}
&amp#27;[38;5;0m[HTTP]&amp#27;[0m &amp#27;[37m<-- GET /status &amp#27;[39m&amp#27;[32m200&amp#27;[39m &amp#27;[90m21 ms - 110&amp#27;[39m
&amp#27;[38;5;0m[HTTP]&amp#27;[0m &amp#27;[90m&amp#27;[39m
Server started successfully
&amp#27;[38;5;0m[HTTP]&amp#27;[0m Request idempotency key: 42cd3e43-f393-42f9-8ffd-7d2ff8cbcb59
&amp#27;[38;5;0m[HTTP]&amp#27;[0m &amp#27;[37m-->&amp#27;[39m &amp#27;[37mPOST&amp#27;[39m &amp#27;[37m/session&amp#27;[39m
&amp#27;[38;5;0m[HTTP]&amp#27;[0m &amp#27;[90m{"capabilities":{"firstMatch":[{}],"alwaysMatch":{"platformName":"ANDROID","appium:app":"C:\\Users\\Windows 11\\eclipse-workspace\\Workspace 2\\MobileAutomationFramwork//src//test//resources//General-Store.apk","appium:chromedriverExecutable":"C://Users//Windows 11//Documents//chromedriver_win32//chromedriver.exe","appium:deviceName":"NishaAndroidEmulator","appium:automationName":"UIAutomator2","appium:adbExecTimeout":60000}}}&amp#27;[39m
&amp#27;[38;5;16m[AppiumDriver@7fae]&amp#27;[0m Calling AppiumDriver.createSession() with args: [null,null,{"firstMatch":[{}],"alwaysMatch":{"platformName":"ANDROID","appium:app":"C:\\Users\\Windows 11\\eclipse-workspace\\Workspace 2\\MobileAutomationFramwork//src//test//resources//General-Store.apk","appium:chromedriverExecutable":"C://Users//Windows 11//Documents//chromedriver_win32//chromedriver.exe","appium:deviceName":"NishaAndroidEmulator","appium:automationName":"UIAutomator2","appium:adbExecTimeout":60000}}]
&amp#27;[38;5;16m[AppiumDriver@7fae]&amp#27;[0m Event 'newSessionRequested' logged at 1710790687442 (01:08:07 GMT+0530 (India Standard Time))
&amp#27;[35m[Appium]&amp#27;[39m Attempting to find matching driver for automationName 'UIAutomator2' and platformName 'ANDROID'
&amp#27;[35m[Appium]&amp#27;[39m The 'uiautomator2' driver was installed and matched caps.
&amp#27;[35m[Appium]&amp#27;[39m Will require it at C:\Users\Windows 11\.appium\node_modules\appium-uiautomator2-driver
&amp#27;[35m[Appium]&amp#27;[39m Requiring driver at C:\Users\Windows 11\.appium\node_modules\appium-uiautomator2-driver
&amp#27;[38;5;16m[AppiumDriver@7fae]&amp#27;[0m Appium v2.2.3 creating new AndroidUiautomator2Driver (v2.34.2) session
&amp#27;[38;5;16m[AppiumDriver@7fae]&amp#27;[0m Checking BaseDriver versions for Appium and AndroidUiautomator2Driver
&amp#27;[38;5;16m[AppiumDriver@7fae]&amp#27;[0m Appium's BaseDriver version is 9.4.3
&amp#27;[38;5;16m[AppiumDriver@7fae]&amp#27;[0m AndroidUiautomator2Driver's BaseDriver version is 9.4.3
&amp#27;[38;5;32m[AndroidUiautomator2Driver@21e6]&amp#27;[0m Creating session with W3C capabilities: {
&amp#27;[38;5;32m[AndroidUiautomator2Driver@21e6]&amp#27;[0m   "alwaysMatch": {
&amp#27;[38;5;32m[AndroidUiautomator2Driver@21e6]&amp#27;[0m     "platformName": "ANDROID",
&amp#27;[38;5;32m[AndroidUiautomator2Driver@21e6]&amp#27;[0m     "appium:app": "C:\\Users\\Windows 11\\eclipse-workspace\\Workspace 2\\MobileAutomationFramwork//src//test//resources//General-Store.apk",
&amp#27;[38;5;32m[AndroidUiautomator2Driver@21e6]&amp#27;[0m     "appium:chromedriverExecutable": "C://Users//Windows 11//Documents//chromedriver_win32//chromedriver.exe",
&amp#27;[38;5;32m[AndroidUiautomator2Driver@21e6]&amp#27;[0m     "appium:deviceName": "NishaAndroidEmulator",
&amp#27;[38;5;32m[AndroidUiautomator2Driver@21e6]&amp#27;[0m     "appium:automationName": "UIAutomator2",
&amp#27;[38;5;32m[AndroidUiautomator2Driver@21e6]&amp#27;[0m     "appium:adbExecTimeout": 60000
&amp#27;[38;5;32m[AndroidUiautomator2Driver@21e6]&amp#27;[0m   },
&amp#27;[38;5;32m[AndroidUiautomator2Driver@21e6]&amp#27;[0m   "firstMatch": [
&amp#27;[38;5;32m[AndroidUiautomator2Driver@21e6]&amp#27;[0m     {}
&amp#27;[38;5;32m[AndroidUiautomator2Driver@21e6]&amp#27;[0m   ]
&amp#27;[38;5;32m[AndroidUiautomator2Driver@21e6]&amp#27;[0m }
&amp#27;[38;5;32m[AndroidUiautomator2Driver@21e6 (60a52d9d)]&amp#27;[0m Session created with session id: 60a52d9d-79be-4fc9-ae3d-47db801fc9b5
&amp#27;[38;5;48m[BaseDriver]&amp#27;[0m Using local app 'C:\Users\Windows 11\eclipse-workspace\Workspace 2\MobileAutomationFramwork//src//test//resources//General-Store.apk'
&amp#27;[38;5;32m[AndroidUiautomator2Driver@21e6 (60a52d9d)]&amp#27;[0m Checking whether app is actually present
&amp#27;[38;5;64m[ADB]&amp#27;[0m Found 1 'build-tools' folders under 'C:\Users\Windows 11\AppData\Local\Android\Sdk' (newest first):
&amp#27;[38;5;64m[ADB]&amp#27;[0m     C:\Users\Windows 11\AppData\Local\Android\Sdk\build-tools\34.0.0
&amp#27;[38;5;64m[ADB]&amp#27;[0m Using 'adb.exe' from 'C:\Users\Windows 11\AppData\Local\Android\Sdk\platform-tools\adb.exe'
&amp#27;[38;5;64m[ADB]&amp#27;[0m Running 'C:\Users\Windows 11\AppData\Local\Android\Sdk\platform-tools\adb.exe -P 5037 start-server'
&amp#27;[38;5;80m[AndroidDriver]&amp#27;[0m Retrieving device list
&amp#27;[38;5;64m[ADB]&amp#27;[0m Trying to find connected Android devices
&amp#27;[38;5;64m[ADB]&amp#27;[0m Getting connected devices
&amp#27;[38;5;64m[ADB]&amp#27;[0m Connected devices: [{"udid":"emulator-5554","state":"device"}]
&amp#27;[38;5;80m[AndroidDriver]&amp#27;[0m Using device: emulator-5554
&amp#27;[38;5;64m[ADB]&amp#27;[0m Using 'adb.exe' from 'C:\Users\Windows 11\AppData\Local\Android\Sdk\platform-tools\adb.exe'
&amp#27;[38;5;64m[ADB]&amp#27;[0m Running 'C:\Users\Windows 11\AppData\Local\Android\Sdk\platform-tools\adb.exe -P 5037 start-server'
&amp#27;[38;5;64m[ADB]&amp#27;[0m Setting device id to emulator-5554
&amp#27;[38;5;64m[ADB]&amp#27;[0m Running 'C:\Users\Windows 11\AppData\Local\Android\Sdk\platform-tools\adb.exe -P 5037 -s emulator-5554 shell getprop ro.build.version.sdk'
&amp#27;[38;5;64m[ADB]&amp#27;[0m Current device property 'ro.build.version.sdk': 30
&amp#27;[38;5;64m[ADB]&amp#27;[0m Getting device platform version
&amp#27;[38;5;64m[ADB]&amp#27;[0m Running 'C:\Users\Windows 11\AppData\Local\Android\Sdk\platform-tools\adb.exe -P 5037 -s emulator-5554 shell getprop ro.build.version.release'
&amp#27;[38;5;64m[ADB]&amp#27;[0m Current device property 'ro.build.version.release': 11
&amp#27;[38;5;64m[ADB]&amp#27;[0m Device API level: 30
&amp#27;[38;5;32m[AndroidUiautomator2Driver@21e6 (60a52d9d)]&amp#27;[0m Relaxing hidden api policy
&amp#27;[38;5;64m[ADB]&amp#27;[0m Running 'C:\Users\Windows 11\AppData\Local\Android\Sdk\platform-tools\adb.exe -P 5037 -s emulator-5554 shell 'settings put global hidden_api_policy_pre_p_apps 1;settings put global hidden_api_policy_p_apps 1;settings put global hidden_api_policy 1''
&amp#27;[38;5;80m[AndroidDriver]&amp#27;[0m Parsing package and activity from app manifest
&amp#27;[38;5;64m[ADB]&amp#27;[0m Package name: 'com.androidsample.generalstore'
&amp#27;[38;5;64m[ADB]&amp#27;[0m Main activity name: 'com.androidsample.generalstore.SplashActivity'
&amp#27;[38;5;80m[AndroidDriver]&amp#27;[0m Parsed package and activity are: com.androidsample.generalstore/com.androidsample.generalstore.SplashActivity
&amp#27;[38;5;64m[ADB]&amp#27;[0m Running 'C:\Users\Windows 11\AppData\Local\Android\Sdk\platform-tools\adb.exe -P 5037 -s emulator-5554 wait-for-device'
&amp#27;[38;5;64m[ADB]&amp#27;[0m Running 'C:\Users\Windows 11\AppData\Local\Android\Sdk\platform-tools\adb.exe -P 5037 -s emulator-5554 shell echo ping'
&amp#27;[38;5;80m[AndroidDriver]&amp#27;[0m Pushing settings apk to device...
&amp#27;[38;5;64m[ADB]&amp#27;[0m Getting package info for 'io.appium.settings'
&amp#27;[38;5;64m[ADB]&amp#27;[0m Running 'C:\Users\Windows 11\AppData\Local\Android\Sdk\platform-tools\adb.exe -P 5037 -s emulator-5554 shell dumpsys package io.appium.settings'
&amp#27;[38;5;64m[ADB]&amp#27;[0m The version name of the installed 'io.appium.settings' is greater or equal to the application version name ('5.2.0' >= '5.2.0')
&amp#27;[38;5;64m[ADB]&amp#27;[0m There is no need to install/upgrade 'C:\Users\Windows 11\.appium\node_modules\appium-uiautomator2-driver\node_modules\io.appium.settings\apks\settings_apk-debug.apk'
&amp#27;[38;5;64m[ADB]&amp#27;[0m Getting IDs of all 'io.appium.settings' processes
&amp#27;[38;5;64m[ADB]&amp#27;[0m Running 'C:\Users\Windows 11\AppData\Local\Android\Sdk\platform-tools\adb.exe -P 5037 -s emulator-5554 shell 'pgrep --help; echo $?''
&amp#27;[38;5;64m[ADB]&amp#27;[0m Running 'C:\Users\Windows 11\AppData\Local\Android\Sdk\platform-tools\adb.exe -P 5037 -s emulator-5554 shell pgrep -f \(\[\[:blank:\]\]\|\^\)io\.appium\.settings\(\[\[:blank:\]\]\|\$\)'
&amp#27;[38;5;80m[AndroidDriver]&amp#27;[0m io.appium.settings is already running. There is no need to reset its permissions.
&amp#27;[38;5;96m[Logcat]&amp#27;[0m Starting logs capture with command: 'C:\\Users\\Windows 11\\AppData\\Local\\Android\\Sdk\\platform-tools\\adb.exe' -P 5037 -s emulator-5554 logcat -v threadtime
&amp#27;[38;5;32m[AndroidUiautomator2Driver@21e6 (60a52d9d)]&amp#27;[0m Forwarding UiAutomator2 Server port 6790 to local port 8200
&amp#27;[38;5;64m[ADB]&amp#27;[0m Forwarding system: 8200 to device: 6790
&amp#27;[38;5;64m[ADB]&amp#27;[0m Running 'C:\Users\Windows 11\AppData\Local\Android\Sdk\platform-tools\adb.exe -P 5037 -s emulator-5554 forward tcp:8200 tcp:6790'
&amp#27;[38;5;64m[ADB]&amp#27;[0m Checking app cert for C:\Users\Windows 11\.appium\node_modules\appium-uiautomator2-driver\node_modules\appium-uiautomator2-server\apks\appium-uiautomator2-server-v5.12.16.apk
&amp#27;[38;5;64m[ADB]&amp#27;[0m Checking app cert for C:\Users\Windows 11\.appium\node_modules\appium-uiautomator2-driver\node_modules\appium-uiautomator2-server\apks\appium-uiautomator2-server-debug-androidTest.apk
&amp#27;[38;5;64m[ADB]&amp#27;[0m Using 'apksigner.jar' from 'C:\Users\Windows 11\AppData\Local\Android\Sdk\build-tools\34.0.0\lib\apksigner.jar'
&amp#27;[38;5;64m[ADB]&amp#27;[0m Starting apksigner: 'C:\\Program Files\\Java\\jdk-17\\bin\\java.exe' -Xmx1024M -Xss1m -jar 'C:\\Users\\Windows 11\\AppData\\Local\\Android\\Sdk\\build-tools\\34.0.0\\lib\\apksigner.jar' verify --print-certs 'C:\\Users\\Windows 11\\.appium\\node_modules\\appium-uiautomator2-driver\\node_modules\\appium-uiautomator2-server\\apks\\appium-uiautomator2-server-debug-androidTest.apk'
&amp#27;[38;5;64m[ADB]&amp#27;[0m Starting apksigner: 'C:\\Program Files\\Java\\jdk-17\\bin\\java.exe' -Xmx1024M -Xss1m -jar 'C:\\Users\\Windows 11\\AppData\\Local\\Android\\Sdk\\build-tools\\34.0.0\\lib\\apksigner.jar' verify --print-certs 'C:\\Users\\Windows 11\\.appium\\node_modules\\appium-uiautomator2-driver\\node_modules\\appium-uiautomator2-server\\apks\\appium-uiautomator2-server-v5.12.16.apk'
&amp#27;[38;5;64m[ADB]&amp#27;[0m apksigner stdout: Signer #1 certificate DN: EMAILADDRESS=android@android.com, CN=Android, OU=Android, O=Android, L=Mountain View, ST=California, C=US
&amp#27;[38;5;64m[ADB]&amp#27;[0m Signer #1 certificate SHA-256 digest: a40da80a59d170caa950cf15c18c454d47a39b26989d8b640ecd745ba71bf5dc
&amp#27;[38;5;64m[ADB]&amp#27;[0m Signer #1 certificate SHA-1 digest: 61ed377e85d386a8dfee6b864bd85b0bfaa5af81
&amp#27;[38;5;64m[ADB]&amp#27;[0m Signer #1 certificate MD5 digest: e89b158e4bcf988ebd09eb83f5378e87
&amp#27;[38;5;64m[ADB]&amp#27;[0m 
&amp#27;[38;5;64m[ADB]&amp#27;[0m sha256 hash did match for 'appium-uiautomator2-server-debug-androidTest.apk'
&amp#27;[38;5;64m[ADB]&amp#27;[0m 'C:\Users\Windows 11\.appium\node_modules\appium-uiautomator2-driver\node_modules\appium-uiautomator2-server\apks\appium-uiautomator2-server-debug-androidTest.apk' is signed with the default certificate
&amp#27;[38;5;64m[ADB]&amp#27;[0m Getting install status for io.appium.uiautomator2.server.test
&amp#27;[38;5;64m[ADB]&amp#27;[0m Running 'C:\Users\Windows 11\AppData\Local\Android\Sdk\platform-tools\adb.exe -P 5037 -s emulator-5554 shell pm path io.appium.uiautomator2.server.test'
&amp#27;[38;5;64m[ADB]&amp#27;[0m 'io.appium.uiautomator2.server.test' is installed
&amp#27;[38;5;64m[ADB]&amp#27;[0m apksigner stdout: Signer #1 certificate DN: EMAILADDRESS=android@android.com, CN=Android, OU=Android, O=Android, L=Mountain View, ST=California, C=US
&amp#27;[38;5;64m[ADB]&amp#27;[0m Signer #1 certificate SHA-256 digest: a40da80a59d170caa950cf15c18c454d47a39b26989d8b640ecd745ba71bf5dc
&amp#27;[38;5;64m[ADB]&amp#27;[0m Signer #1 certificate SHA-1 digest: 61ed377e85d386a8dfee6b864bd85b0bfaa5af81
&amp#27;[38;5;64m[ADB]&amp#27;[0m Signer #1 certificate MD5 digest: e89b158e4bcf988ebd09eb83f5378e87
&amp#27;[38;5;64m[ADB]&amp#27;[0m 
&amp#27;[38;5;64m[ADB]&amp#27;[0m sha256 hash did match for 'appium-uiautomator2-server-v5.12.16.apk'
&amp#27;[38;5;64m[ADB]&amp#27;[0m 'C:\Users\Windows 11\.appium\node_modules\appium-uiautomator2-driver\node_modules\appium-uiautomator2-server\apks\appium-uiautomator2-server-v5.12.16.apk' is signed with the default certificate
&amp#27;[38;5;64m[ADB]&amp#27;[0m Getting package info for 'io.appium.uiautomator2.server'
&amp#27;[38;5;64m[ADB]&amp#27;[0m Running 'C:\Users\Windows 11\AppData\Local\Android\Sdk\platform-tools\adb.exe -P 5037 -s emulator-5554 shell dumpsys package io.appium.uiautomator2.server'
&amp#27;[38;5;64m[ADB]&amp#27;[0m The version name of the installed 'io.appium.uiautomator2.server' is greater or equal to the application version name ('5.12.16' >= '5.12.16')
&amp#27;[38;5;32m[AndroidUiautomator2Driver@21e6 (60a52d9d)]&amp#27;[0m Server packages status: [{"wasSigned":true,"installState":"sameVersionInstalled","appPath":"C:\\Users\\Windows 11\\.appium\\node_modules\\appium-uiautomator2-driver\\node_modules\\appium-uiautomator2-server\\apks\\appium-uiautomator2-server-v5.12.16.apk","appId":"io.appium.uiautomator2.server"},{"wasSigned":true,"installState":"sameVersionInstalled","appPath":"C:\\Users\\Windows 11\\.appium\\node_modules\\appium-uiautomator2-driver\\node_modules\\appium-uiautomator2-server\\apks\\appium-uiautomator2-server-debug-androidTest.apk","appId":"io.appium.uiautomator2.server.test"}]
&amp#27;[38;5;32m[AndroidUiautomator2Driver@21e6 (60a52d9d)]&amp#27;[0m Server packages are not going to be (re)installed
&amp#27;[38;5;32m[AndroidUiautomator2Driver@21e6 (60a52d9d)]&amp#27;[0m Waiting up to 30000ms for services to be available
&amp#27;[38;5;64m[ADB]&amp#27;[0m Running 'C:\Users\Windows 11\AppData\Local\Android\Sdk\platform-tools\adb.exe -P 5037 -s emulator-5554 shell pm list instrumentation'
&amp#27;[38;5;32m[AndroidUiautomator2Driver@21e6 (60a52d9d)]&amp#27;[0m Instrumentation target 'io.appium.uiautomator2.server.test/androidx.test.runner.AndroidJUnitRunner' is available
&amp#27;[38;5;64m[ADB]&amp#27;[0m Adding packages ["io.appium.settings","io.appium.uiautomator2.server","io.appium.uiautomator2.server.test"] to Doze whitelist
&amp#27;[38;5;64m[ADB]&amp#27;[0m Got the following command chunks to execute: [["dumpsys","deviceidle","whitelist","+io.appium.settings",";","dumpsys","deviceidle","whitelist","+io.appium.uiautomator2.server",";","dumpsys","deviceidle","whitelist","+io.appium.uiautomator2.server.test",";"]]
&amp#27;[38;5;64m[ADB]&amp#27;[0m Running 'C:\Users\Windows 11\AppData\Local\Android\Sdk\platform-tools\adb.exe -P 5037 -s emulator-5554 shell dumpsys deviceidle whitelist +io.appium.settings ; dumpsys deviceidle whitelist +io.appium.uiautomator2.server ; dumpsys deviceidle whitelist +io.appium.uiautomator2.server.test ;'
&amp#27;[38;5;64m[ADB]&amp#27;[0m Checking app cert for C:\Users\Windows 11\eclipse-workspace\Workspace 2\MobileAutomationFramwork//src//test//resources//General-Store.apk
&amp#27;[38;5;64m[ADB]&amp#27;[0m Starting apksigner: 'C:\\Program Files\\Java\\jdk-17\\bin\\java.exe' -Xmx1024M -Xss1m -jar 'C:\\Users\\Windows 11\\AppData\\Local\\Android\\Sdk\\build-tools\\34.0.0\\lib\\apksigner.jar' verify --print-certs 'C:\\Users\\Windows 11\\eclipse-workspace\\Workspace 2\\MobileAutomationFramwork//src//test//resources//General-Store.apk'
&amp#27;[38;5;64m[ADB]&amp#27;[0m apksigner stdout: Signer #1 certificate DN: EMAILADDRESS=android@android.com, CN=Android, OU=Android, O=Android, L=Mountain View, ST=California, C=US
&amp#27;[38;5;64m[ADB]&amp#27;[0m Signer #1 certificate SHA-256 digest: a40da80a59d170caa950cf15c18c454d47a39b26989d8b640ecd745ba71bf5dc
&amp#27;[38;5;64m[ADB]&amp#27;[0m Signer #1 certificate SHA-1 digest: 61ed377e85d386a8dfee6b864bd85b0bfaa5af81
&amp#27;[38;5;64m[ADB]&amp#27;[0m Signer #1 certificate MD5 digest: e89b158e4bcf988ebd09eb83f5378e87
&amp#27;[38;5;64m[ADB]&amp#27;[0m 
&amp#27;[38;5;64m[ADB]&amp#27;[0m sha256 hash did match for 'General-Store.apk'
&amp#27;[38;5;64m[ADB]&amp#27;[0m 'C:\Users\Windows 11\eclipse-workspace\Workspace 2\MobileAutomationFramwork//src//test//resources//General-Store.apk' is signed with the default certificate
&amp#27;[38;5;64m[ADB]&amp#27;[0m Getting package info for 'com.androidsample.generalstore'
&amp#27;[38;5;64m[ADB]&amp#27;[0m Running 'C:\Users\Windows 11\AppData\Local\Android\Sdk\platform-tools\adb.exe -P 5037 -s emulator-5554 shell dumpsys package com.androidsample.generalstore'
&amp#27;[38;5;64m[ADB]&amp#27;[0m The version name of the installed 'com.androidsample.generalstore' is greater or equal to the application version name ('1.0.0' >= '1.0.0')
&amp#27;[38;5;64m[ADB]&amp#27;[0m There is no need to install/upgrade 'C:\Users\Windows 11\eclipse-workspace\Workspace 2\MobileAutomationFramwork//src//test//resources//General-Store.apk'
&amp#27;[38;5;80m[AndroidDriver]&amp#27;[0m Performing fast reset on 'com.androidsample.generalstore'
&amp#27;[38;5;64m[ADB]&amp#27;[0m Getting install status for com.androidsample.generalstore
&amp#27;[38;5;64m[ADB]&amp#27;[0m Running 'C:\Users\Windows 11\AppData\Local\Android\Sdk\platform-tools\adb.exe -P 5037 -s emulator-5554 shell pm path com.androidsample.generalstore'
&amp#27;[38;5;64m[ADB]&amp#27;[0m 'com.androidsample.generalstore' is installed
&amp#27;[38;5;64m[ADB]&amp#27;[0m Running 'C:\Users\Windows 11\AppData\Local\Android\Sdk\platform-tools\adb.exe -P 5037 -s emulator-5554 shell am force-stop com.androidsample.generalstore'
&amp#27;[38;5;64m[ADB]&amp#27;[0m Running 'C:\Users\Windows 11\AppData\Local\Android\Sdk\platform-tools\adb.exe -P 5037 -s emulator-5554 shell pm clear com.androidsample.generalstore'
&amp#27;[38;5;80m[AndroidDriver]&amp#27;[0m Performed fast reset on the installed 'com.androidsample.generalstore' application (stop and clear)
&amp#27;[38;5;32m[AndroidUiautomator2Driver@21e6 (60a52d9d)]&amp#27;[0m Performing shallow cleanup of automation leftovers
&amp#27;[38;5;32m[AndroidUiautomator2Driver@21e6 (60a52d9d)]&amp#27;[0m No obsolete sessions have been detected (socket hang up)
&amp#27;[38;5;64m[ADB]&amp#27;[0m Running 'C:\Users\Windows 11\AppData\Local\Android\Sdk\platform-tools\adb.exe -P 5037 -s emulator-5554 shell am force-stop io.appium.uiautomator2.server.test'
&amp#27;[38;5;32m[AndroidUiautomator2Driver@21e6 (60a52d9d)]&amp#27;[0m Starting UIAutomator2 server 5.12.16
&amp#27;[38;5;32m[AndroidUiautomator2Driver@21e6 (60a52d9d)]&amp#27;[0m Using UIAutomator2 server from 'C:\Users\Windows 11\.appium\node_modules\appium-uiautomator2-driver\node_modules\appium-uiautomator2-server\apks\appium-uiautomator2-server-v5.12.16.apk' and test from 'C:\Users\Windows 11\.appium\node_modules\appium-uiautomator2-driver\node_modules\appium-uiautomator2-server\apks\appium-uiautomator2-server-debug-androidTest.apk'
&amp#27;[38;5;32m[AndroidUiautomator2Driver@21e6 (60a52d9d)]&amp#27;[0m Waiting up to 30000ms for UiAutomator2 to be online...
&amp#27;[38;5;64m[ADB]&amp#27;[0m Creating ADB subprocess with args: ["-P","5037","-s","emulator-5554","shell","am","instrument","-w","-e","disableAnalytics","true","io.appium.uiautomator2.server.test/androidx.test.runner.AndroidJUnitRunner"]
&amp#27;[38;5;32m[AndroidUiautomator2Driver@21e6 (60a52d9d)]&amp#27;[0m Matched '/status' to command name 'getStatus'
&amp#27;[38;5;32m[AndroidUiautomator2Driver@21e6 (60a52d9d)]&amp#27;[0m Proxying [GET /status] to [GET http://127.0.0.1:8200/status] with no body
&amp#27;[38;5;32m[AndroidUiautomator2Driver@21e6 (60a52d9d)]&amp#27;[0m socket hang up
&amp#27;[38;5;32m[AndroidUiautomator2Driver@21e6 (60a52d9d)]&amp#27;[0m Matched '/status' to command name 'getStatus'
&amp#27;[38;5;32m[AndroidUiautomator2Driver@21e6 (60a52d9d)]&amp#27;[0m Proxying [GET /status] to [GET http://127.0.0.1:8200/status] with no body
&amp#27;[38;5;32m[AndroidUiautomator2Driver@21e6 (60a52d9d)]&amp#27;[0m socket hang up
&amp#27;[38;5;32m[AndroidUiautomator2Driver@21e6 (60a52d9d)]&amp#27;[0m Matched '/status' to command name 'getStatus'
&amp#27;[38;5;32m[AndroidUiautomator2Driver@21e6 (60a52d9d)]&amp#27;[0m Proxying [GET /status] to [GET http://127.0.0.1:8200/status] with no body
&amp#27;[38;5;32m[AndroidUiautomator2Driver@21e6 (60a52d9d)]&amp#27;[0m socket hang up
&amp#27;[38;5;32m[AndroidUiautomator2Driver@21e6 (60a52d9d)]&amp#27;[0m Matched '/status' to command name 'getStatus'
&amp#27;[38;5;32m[AndroidUiautomator2Driver@21e6 (60a52d9d)]&amp#27;[0m Proxying [GET /status] to [GET http://127.0.0.1:8200/status] with no body
&amp#27;[38;5;32m[AndroidUiautomator2Driver@21e6 (60a52d9d)]&amp#27;[0m socket hang up
&amp#27;[38;5;32m[AndroidUiautomator2Driver@21e6 (60a52d9d)]&amp#27;[0m Matched '/status' to command name 'getStatus'
&amp#27;[38;5;32m[AndroidUiautomator2Driver@21e6 (60a52d9d)]&amp#27;[0m Proxying [GET /status] to [GET http://127.0.0.1:8200/status] with no body
&amp#27;[38;5;32m[AndroidUiautomator2Driver@21e6 (60a52d9d)]&amp#27;[0m socket hang up
&amp#27;[38;5;32m[AndroidUiautomator2Driver@21e6 (60a52d9d)]&amp#27;[0m Matched '/status' to command name 'getStatus'
&amp#27;[38;5;32m[AndroidUiautomator2Driver@21e6 (60a52d9d)]&amp#27;[0m Proxying [GET /status] to [GET http://127.0.0.1:8200/status] with no body
&amp#27;[38;5;32m[AndroidUiautomator2Driver@21e6 (60a52d9d)]&amp#27;[0m socket hang up
&amp#27;[38;5;112m[Instrumentation]&amp#27;[0m io.appium.uiautomator2.server.test.AppiumUiAutomator2Server:
&amp#27;[38;5;32m[AndroidUiautomator2Driver@21e6 (60a52d9d)]&amp#27;[0m Matched '/status' to command name 'getStatus'
&amp#27;[38;5;32m[AndroidUiautomator2Driver@21e6 (60a52d9d)]&amp#27;[0m Proxying [GET /status] to [GET http://127.0.0.1:8200/status] with no body
&amp#27;[38;5;32m[AndroidUiautomator2Driver@21e6 (60a52d9d)]&amp#27;[0m socket hang up
&amp#27;[38;5;32m[AndroidUiautomator2Driver@21e6 (60a52d9d)]&amp#27;[0m Matched '/status' to command name 'getStatus'
&amp#27;[38;5;32m[AndroidUiautomator2Driver@21e6 (60a52d9d)]&amp#27;[0m Proxying [GET /status] to [GET http://127.0.0.1:8200/status] with no body
&amp#27;[38;5;32m[AndroidUiautomator2Driver@21e6 (60a52d9d)]&amp#27;[0m socket hang up
&amp#27;[38;5;32m[AndroidUiautomator2Driver@21e6 (60a52d9d)]&amp#27;[0m Matched '/status' to command name 'getStatus'
&amp#27;[38;5;32m[AndroidUiautomator2Driver@21e6 (60a52d9d)]&amp#27;[0m Proxying [GET /status] to [GET http://127.0.0.1:8200/status] with no body
&amp#27;[38;5;32m[AndroidUiautomator2Driver@21e6 (60a52d9d)]&amp#27;[0m Got response with status 200: {"sessionId":"None","value":{"message":"UiAutomator2 Server is ready to accept commands","ready":true}}
&amp#27;[38;5;32m[AndroidUiautomator2Driver@21e6 (60a52d9d)]&amp#27;[0m The initialization of the instrumentation process took 9130ms
&amp#27;[38;5;32m[AndroidUiautomator2Driver@21e6 (60a52d9d)]&amp#27;[0m Matched '/session' to command name 'createSession'
&amp#27;[38;5;32m[AndroidUiautomator2Driver@21e6 (60a52d9d)]&amp#27;[0m Proxying [POST /session] to [POST http://127.0.0.1:8200/session] with body: {"capabilities":{"firstMatch":[{"platformName":"ANDROID","app":"C:\\Users\\Windows 11\\eclipse-workspace\\Workspace 2\\MobileAutomationFramwork//src//test//resources//General-Store.apk","chromedriverExecutable":"C://Users//Windows 11//Documents//chromedriver_win32//chromedriver.exe","deviceName":"emulator-5554","automationName":"UIAutomator2","adbExecTimeout":60000,"platform":"LINUX","webStorageEnabled":false,"takesScreenshot":true,"javascriptEnabled":true,"databaseEnabled":false,"networkConnectionEnabled":true,"locationContextEnabled":false,"warnings":{},"desired":{"platformName":"ANDROID","app":"C:\\Users\\Windows 11\\eclipse-workspace\\Workspace 2\\MobileAutomationFramwork//src//test//resources//General-Store.apk","chromedriverExecutable":"C://Users//Windows 11//Documents//chromedriver_win32//chromedriver.exe","deviceName":"NishaAndroidEmulator","automationName":"UIAutomator2","adbExecTimeout":60000},"deviceUDID":"emulator-5554","appPackage":"com.androidsample.generalstore"}],"alwaysMatch":{}}}
&amp#27;[38;5;32m[AndroidUiautomator2Driver@21e6 (60a52d9d)]&amp#27;[0m Got response with status 200: {"sessionId":"738eeff9-bef7-4254-9fa5-af633999799e","value":{"capabilities":{"firstMatch":[{"platformName":"ANDROID","app":"C:\\Users\\Windows 11\\eclipse-workspace\\Workspace 2\\MobileAutomationFramwork//src//test//resources//General-Store.apk","chromedriverExecutable":"C://Users//Windows 11//Documents//chromedriver_win32//chromedriver.exe","deviceName":"emulator-5554","automationName":"UIAutomator2","adbExecTimeout":60000,"platform":"LINUX","webStorageEnabled":false,"takesScreenshot":true,"javascriptEnabled":true,"databaseEnabled":false,"networkConnectionEnabled":true,"locationContextEnabled":false,"warnings":{},"desired":{"platformName":"ANDROID","app":"C:\\Users\\Windows 11\\eclipse-workspace\\Workspace 2\\MobileAutomationFramwork//src//test//resources//General-Store.apk","chromedriverExecutable":"C://Users//Windows 11//Documents//chromedriver_win32//chromedriver.exe","deviceName":"NishaAndroidEmulator","automationName":"UIAutomator2","adbExecTimeout":60000},"deviceUDID":"emulator-5554","appPackage":"c...
&amp#27;[38;5;32m[AndroidUiautomator2Driver@21e6 (60a52d9d)]&amp#27;[0m Determined the downstream protocol as 'W3C'
&amp#27;[38;5;32m[AndroidUiautomator2Driver@21e6 (60a52d9d)]&amp#27;[0m Proxying [GET /appium/device/pixel_ratio] to [GET http://127.0.0.1:8200/session/738eeff9-bef7-4254-9fa5-af633999799e/appium/device/pixel_ratio] with no body
&amp#27;[38;5;32m[AndroidUiautomator2Driver@21e6 (60a52d9d)]&amp#27;[0m Matched '/appium/device/system_bars' to command name 'getSystemBars'
&amp#27;[38;5;32m[AndroidUiautomator2Driver@21e6 (60a52d9d)]&amp#27;[0m Proxying [GET /appium/device/system_bars] to [GET http://127.0.0.1:8200/session/738eeff9-bef7-4254-9fa5-af633999799e/appium/device/system_bars] with no body
&amp#27;[38;5;32m[AndroidUiautomator2Driver@21e6 (60a52d9d)]&amp#27;[0m Matched '/window/current/size' to command name 'getWindowSize'
&amp#27;[38;5;32m[AndroidUiautomator2Driver@21e6 (60a52d9d)]&amp#27;[0m Proxying [GET /window/current/size] to [GET http://127.0.0.1:8200/session/738eeff9-bef7-4254-9fa5-af633999799e/window/current/size] with no body
&amp#27;[38;5;32m[AndroidUiautomator2Driver@21e6 (60a52d9d)]&amp#27;[0m Proxying [GET /appium/device/info] to [GET http://127.0.0.1:8200/session/738eeff9-bef7-4254-9fa5-af633999799e/appium/device/info] with no body
&amp#27;[38;5;64m[ADB]&amp#27;[0m Running 'C:\Users\Windows 11\AppData\Local\Android\Sdk\platform-tools\adb.exe -P 5037 -s emulator-5554 shell dumpsys window'
&amp#27;[38;5;32m[AndroidUiautomator2Driver@21e6 (60a52d9d)]&amp#27;[0m Got response with status 200: {"sessionId":"738eeff9-bef7-4254-9fa5-af633999799e","value":3.5}
&amp#27;[38;5;32m[AndroidUiautomator2Driver@21e6 (60a52d9d)]&amp#27;[0m Got response with status 200: {"sessionId":"738eeff9-bef7-4254-9fa5-af633999799e","value":{"statusBar":98}}
&amp#27;[38;5;32m[AndroidUiautomator2Driver@21e6 (60a52d9d)]&amp#27;[0m Got response with status 200: {"sessionId":"738eeff9-bef7-4254-9fa5-af633999799e","value":{"height":2712,"width":1440}}
&amp#27;[38;5;32m[AndroidUiautomator2Driver@21e6 (60a52d9d)]&amp#27;[0m Got response with status 200: {"sessionId":"738eeff9-bef7-4254-9fa5-af633999799e","value":{"androidId":"dba7519974de0aef","apiVersion":"30","bluetooth":{"state":"ON"},"brand":"google","carrierName":"Android","displayDensity":560,"locale":"en_US","manufacturer":"Google","model":"sdk_gphone_x86","networks":[{"capabilities":{"SSID":null,"linkDownBandwidthKbps":4125,"linkUpstreamBandwidthKbps":16981,"networkCapabilities":"NET_CAPABILITY_NOT_METERED,NET_CAPABILITY_INTERNET,NET_CAPABILITY_NOT_RESTRICTED,NET_CAPABILITY_TRUSTED,NET_CAPABILITY_NOT_VPN,NET_CAPABILITY_VALIDATED,NET_CAPABILITY_NOT_ROAMING,NET_CAPABILITY_FOREGROUND,NET_CAPABILITY_NOT_CONGESTED,NET_CAPABILITY_NOT_SUSPENDED","signalStrength":-30,"transportTypes":"TRANSPORT_WIFI"},"detailedState":"CONNECTED","extraInfo":"","isAvailable":true,"isConnected":true,"isFailover":false,"isRoaming":false,"state":"CONNECTED","subtype":0,"subtypeName":"","type":1,"typeName":"WIFI"},{"capabilities":{"SSID":null,"linkDownBandwidthKbps":30000,"linkUpstreamBandwidthKbps":15000,"networkCapabilities"...
&amp#27;[38;5;80m[AndroidDriver]&amp#27;[0m Screen already unlocked, doing nothing
&amp#27;[38;5;32m[AndroidUiautomator2Driver@21e6 (60a52d9d)]&amp#27;[0m Starting 'com.androidsample.generalstore/com.androidsample.generalstore.SplashActivity and waiting for 'com.androidsample.generalstore/com.androidsample.generalstore.SplashActivity'
&amp#27;[38;5;64m[ADB]&amp#27;[0m Running 'C:\Users\Windows 11\AppData\Local\Android\Sdk\platform-tools\adb.exe -P 5037 -s emulator-5554 shell am start -W -n com.androidsample.generalstore/com.androidsample.generalstore.SplashActivity -S -a android.intent.action.MAIN -c android.intent.category.LAUNCHER -f 0x10200000'
&amp#27;[38;5;64m[ADB]&amp#27;[0m Waiting up to 20000ms for activity matching pkg: 'com.androidsample.generalstore' and activity: 'com.androidsample.generalstore.SplashActivity' to be focused
&amp#27;[38;5;64m[ADB]&amp#27;[0m Possible activities, to be checked: 'com.androidsample.generalstore.SplashActivity', 'com.androidsample.generalstore.com.androidsample.generalstore.SplashActivity'
&amp#27;[38;5;64m[ADB]&amp#27;[0m Getting focused package and activity
&amp#27;[38;5;64m[ADB]&amp#27;[0m Running 'C:\Users\Windows 11\AppData\Local\Android\Sdk\platform-tools\adb.exe -P 5037 -s emulator-5554 shell dumpsys window displays'
&amp#27;[38;5;64m[ADB]&amp#27;[0m Found package: 'com.androidsample.generalstore' and fully qualified activity name : 'com.androidsample.generalstore.SplashActivity'
&amp#27;[38;5;16m[AppiumDriver@7fae]&amp#27;[0m New AndroidUiautomator2Driver session created successfully, session 60a52d9d-79be-4fc9-ae3d-47db801fc9b5 added to master session list
&amp#27;[38;5;16m[AppiumDriver@7fae]&amp#27;[0m Event 'newSessionStarted' logged at 1710790718890 (01:08:38 GMT+0530 (India Standard Time))
&amp#27;[38;5;32m[AndroidUiautomator2Driver@21e6 (60a52d9d)]&amp#27;[0m Cached the protocol value 'W3C' for the new session 60a52d9d-79be-4fc9-ae3d-47db801fc9b5
&amp#27;[38;5;32m[AndroidUiautomator2Driver@21e6 (60a52d9d)]&amp#27;[0m Responding to client with driver.createSession() result: {"capabilities":{"platformName":"ANDROID","app":"C:\\Users\\Windows 11\\eclipse-workspace\\Workspace 2\\MobileAutomationFramwork//src//test//resources//General-Store.apk","chromedriverExecutable":"C://Users//Windows 11//Documents//chromedriver_win32//chromedriver.exe","deviceName":"emulator-5554","automationName":"UIAutomator2","adbExecTimeout":60000,"platform":"LINUX","webStorageEnabled":false,"takesScreenshot":true,"javascriptEnabled":true,"databaseEnabled":false,"networkConnectionEnabled":true,"locationContextEnabled":false,"warnings":{},"desired":{"platformName":"ANDROID","app":"C:\\Users\\Windows 11\\eclipse-workspace\\Workspace 2\\MobileAutomationFramwork//src//test//resources//General-Store.apk","chromedriverExecutable":"C://Users//Windows 11//Documents//chromedriver_win32//chromedriver.exe","deviceName":"NishaAndroidEmulator","automationName":"UIAutomator2","adbExecTimeout":60000},"deviceUDID":"emulator-5554","appPackage":"com.androidsample.generalstore","pixelRatio":"3.5","statBarHeight":98,"viewp...
&amp#27;[38;5;0m[HTTP]&amp#27;[0m &amp#27;[37m<-- POST /session &amp#27;[39m&amp#27;[32m200&amp#27;[39m &amp#27;[90m31462 ms - 1300&amp#27;[39m
&amp#27;[38;5;0m[HTTP]&amp#27;[0m &amp#27;[90m&amp#27;[39m
&amp#27;[38;5;0m[HTTP]&amp#27;[0m &amp#27;[37m-->&amp#27;[39m &amp#27;[37mPOST&amp#27;[39m &amp#27;[37m/session/60a52d9d-79be-4fc9-ae3d-47db801fc9b5/timeouts&amp#27;[39m
&amp#27;[38;5;0m[HTTP]&amp#27;[0m &amp#27;[90m{"implicit":2000}&amp#27;[39m
&amp#27;[38;5;32m[AndroidUiautomator2Driver@21e6 (60a52d9d)]&amp#27;[0m Calling AppiumDriver.timeouts() with args: [null,null,null,null,2000,"60a52d9d-79be-4fc9-ae3d-47db801fc9b5"]
&amp#27;[38;5;32m[AndroidUiautomator2Driver@21e6 (60a52d9d)]&amp#27;[0m W3C timeout argument: {"implicit":2000}}
&amp#27;[38;5;32m[AndroidUiautomator2Driver@21e6 (60a52d9d)]&amp#27;[0m Set implicit wait to 2000ms
&amp#27;[38;5;32m[AndroidUiautomator2Driver@21e6 (60a52d9d)]&amp#27;[0m Responding to client with driver.timeouts() result: null
&amp#27;[38;5;0m[HTTP]&amp#27;[0m &amp#27;[37m<-- POST /session/60a52d9d-79be-4fc9-ae3d-47db801fc9b5/timeouts &amp#27;[39m&amp#27;[32m200&amp#27;[39m &amp#27;[90m14 ms - 14&amp#27;[39m
&amp#27;[38;5;0m[HTTP]&amp#27;[0m &amp#27;[90m&amp#27;[39m
Server configured successfully
&amp#27;[38;5;0m[HTTP]&amp#27;[0m &amp#27;[37m-->&amp#27;[39m &amp#27;[37mGET&amp#27;[39m &amp#27;[37m/session/60a52d9d-79be-4fc9-ae3d-47db801fc9b5/context&amp#27;[39m
&amp#27;[38;5;0m[HTTP]&amp#27;[0m &amp#27;[90m{}&amp#27;[39m
&amp#27;[38;5;32m[AndroidUiautomator2Driver@21e6 (60a52d9d)]&amp#27;[0m Calling AppiumDriver.getCurrentContext() with args: ["60a52d9d-79be-4fc9-ae3d-47db801fc9b5"]
&amp#27;[38;5;32m[AndroidUiautomator2Driver@21e6 (60a52d9d)]&amp#27;[0m Responding to client with driver.getCurrentContext() result: "NATIVE_APP"
&amp#27;[38;5;0m[HTTP]&amp#27;[0m &amp#27;[37m<-- GET /session/60a52d9d-79be-4fc9-ae3d-47db801fc9b5/context &amp#27;[39m&amp#27;[32m200&amp#27;[39m &amp#27;[90m14 ms - 22&amp#27;[39m
&amp#27;[38;5;0m[HTTP]&amp#27;[0m &amp#27;[90m&amp#27;[39m
&amp#27;[38;5;0m[HTTP]&amp#27;[0m &amp#27;[37m-->&amp#27;[39m &amp#27;[37mPOST&amp#27;[39m &amp#27;[37m/session/60a52d9d-79be-4fc9-ae3d-47db801fc9b5/element&amp#27;[39m
&amp#27;[38;5;0m[HTTP]&amp#27;[0m &amp#27;[90m{"value":"com.androidsample.generalstore:id/btnLetsShop","using":"id"}&amp#27;[39m
&amp#27;[38;5;32m[AndroidUiautomator2Driver@21e6 (60a52d9d)]&amp#27;[0m Calling AppiumDriver.findElement() with args: ["id","com.androidsample.generalstore:id/btnLetsShop","60a52d9d-79be-4fc9-ae3d-47db801fc9b5"]
&amp#27;[38;5;32m[AndroidUiautomator2Driver@21e6 (60a52d9d)]&amp#27;[0m Valid locator strategies for this request: xpath, id, class name, accessibility id, css selector, -android uiautomator
&amp#27;[38;5;32m[AndroidUiautomator2Driver@21e6 (60a52d9d)]&amp#27;[0m Waiting up to 2000 ms for condition
&amp#27;[38;5;32m[AndroidUiautomator2Driver@21e6 (60a52d9d)]&amp#27;[0m Matched '/element' to command name 'findElement'
&amp#27;[38;5;32m[AndroidUiautomator2Driver@21e6 (60a52d9d)]&amp#27;[0m Proxying [POST /element] to [POST http://127.0.0.1:8200/session/738eeff9-bef7-4254-9fa5-af633999799e/element] with body: {"strategy":"id","selector":"com.androidsample.generalstore:id/btnLetsShop","context":"","multiple":false}
&amp#27;[38;5;32m[AndroidUiautomator2Driver@21e6 (60a52d9d)]&amp#27;[0m Got response with status 200: {"sessionId":"738eeff9-bef7-4254-9fa5-af633999799e","value":{"ELEMENT":"00000000-0000-0342-ffff-ffff00000022","element-6066-11e4-a52e-4f735466cecf":"00000000-0000-0342-ffff-ffff00000022"}}
&amp#27;[38;5;32m[AndroidUiautomator2Driver@21e6 (60a52d9d)]&amp#27;[0m Responding to client with driver.findElement() result: {"element-6066-11e4-a52e-4f735466cecf":"00000000-0000-0342-ffff-ffff00000022","ELEMENT":"00000000-0000-0342-ffff-ffff00000022"}
&amp#27;[38;5;0m[HTTP]&amp#27;[0m &amp#27;[37m<-- POST /session/60a52d9d-79be-4fc9-ae3d-47db801fc9b5/element &amp#27;[39m&amp#27;[32m200&amp#27;[39m &amp#27;[90m206 ms - 137&amp#27;[39m
&amp#27;[38;5;0m[HTTP]&amp#27;[0m &amp#27;[90m&amp#27;[39m
&amp#27;[38;5;0m[HTTP]&amp#27;[0m &amp#27;[37m-->&amp#27;[39m &amp#27;[37mPOST&amp#27;[39m &amp#27;[37m/session/60a52d9d-79be-4fc9-ae3d-47db801fc9b5/element/00000000-0000-0342-ffff-ffff00000022/click&amp#27;[39m
&amp#27;[38;5;0m[HTTP]&amp#27;[0m &amp#27;[90m{"id":"00000000-0000-0342-ffff-ffff00000022"}&amp#27;[39m
&amp#27;[38;5;32m[AndroidUiautomator2Driver@21e6 (60a52d9d)]&amp#27;[0m Calling AppiumDriver.click() with args: ["00000000-0000-0342-ffff-ffff00000022","60a52d9d-79be-4fc9-ae3d-47db801fc9b5"]
&amp#27;[38;5;32m[AndroidUiautomator2Driver@21e6 (60a52d9d)]&amp#27;[0m Matched '/element/00000000-0000-0342-ffff-ffff00000022/click' to command name 'click'
&amp#27;[38;5;32m[AndroidUiautomator2Driver@21e6 (60a52d9d)]&amp#27;[0m Proxying [POST /element/00000000-0000-0342-ffff-ffff00000022/click] to [POST http://127.0.0.1:8200/session/738eeff9-bef7-4254-9fa5-af633999799e/element/00000000-0000-0342-ffff-ffff00000022/click] with body: {"element":"00000000-0000-0342-ffff-ffff00000022"}
&amp#27;[38;5;32m[AndroidUiautomator2Driver@21e6 (60a52d9d)]&amp#27;[0m Got response with status 200: {"sessionId":"738eeff9-bef7-4254-9fa5-af633999799e","value":null}
&amp#27;[38;5;32m[AndroidUiautomator2Driver@21e6 (60a52d9d)]&amp#27;[0m Responding to client with driver.click() result: null
&amp#27;[38;5;0m[HTTP]&amp#27;[0m &amp#27;[37m<-- POST /session/60a52d9d-79be-4fc9-ae3d-47db801fc9b5/element/00000000-0000-0342-ffff-ffff00000022/click &amp#27;[39m&amp#27;[32m200&amp#27;[39m &amp#27;[90m120 ms - 14&amp#27;[39m
&amp#27;[38;5;0m[HTTP]&amp#27;[0m &amp#27;[90m&amp#27;[39m
&amp#27;[38;5;0m[HTTP]&amp#27;[0m &amp#27;[37m-->&amp#27;[39m &amp#27;[37mGET&amp#27;[39m &amp#27;[37m/session/60a52d9d-79be-4fc9-ae3d-47db801fc9b5/context&amp#27;[39m
&amp#27;[38;5;0m[HTTP]&amp#27;[0m &amp#27;[90m{}&amp#27;[39m
&amp#27;[38;5;32m[AndroidUiautomator2Driver@21e6 (60a52d9d)]&amp#27;[0m Calling AppiumDriver.getCurrentContext() with args: ["60a52d9d-79be-4fc9-ae3d-47db801fc9b5"]
&amp#27;[38;5;32m[AndroidUiautomator2Driver@21e6 (60a52d9d)]&amp#27;[0m Responding to client with driver.getCurrentContext() result: "NATIVE_APP"
&amp#27;[38;5;0m[HTTP]&amp#27;[0m &amp#27;[37m<-- GET /session/60a52d9d-79be-4fc9-ae3d-47db801fc9b5/context &amp#27;[39m&amp#27;[32m200&amp#27;[39m &amp#27;[90m11 ms - 22&amp#27;[39m
&amp#27;[38;5;0m[HTTP]&amp#27;[0m &amp#27;[90m&amp#27;[39m
&amp#27;[38;5;0m[HTTP]&amp#27;[0m &amp#27;[37m-->&amp#27;[39m &amp#27;[37mPOST&amp#27;[39m &amp#27;[37m/session/60a52d9d-79be-4fc9-ae3d-47db801fc9b5/element&amp#27;[39m
&amp#27;[38;5;0m[HTTP]&amp#27;[0m &amp#27;[90m{"value":"com.androidsample.generalstore:id/btnLetsShop","using":"id"}&amp#27;[39m
&amp#27;[38;5;32m[AndroidUiautomator2Driver@21e6 (60a52d9d)]&amp#27;[0m Calling AppiumDriver.findElement() with args: ["id","com.androidsample.generalstore:id/btnLetsShop","60a52d9d-79be-4fc9-ae3d-47db801fc9b5"]
&amp#27;[38;5;32m[AndroidUiautomator2Driver@21e6 (60a52d9d)]&amp#27;[0m Valid locator strategies for this request: xpath, id, class name, accessibility id, css selector, -android uiautomator
&amp#27;[38;5;32m[AndroidUiautomator2Driver@21e6 (60a52d9d)]&amp#27;[0m Waiting up to 2000 ms for condition
&amp#27;[38;5;32m[AndroidUiautomator2Driver@21e6 (60a52d9d)]&amp#27;[0m Matched '/element' to command name 'findElement'
&amp#27;[38;5;32m[AndroidUiautomator2Driver@21e6 (60a52d9d)]&amp#27;[0m Proxying [POST /element] to [POST http://127.0.0.1:8200/session/738eeff9-bef7-4254-9fa5-af633999799e/element] with body: {"strategy":"id","selector":"com.androidsample.generalstore:id/btnLetsShop","context":"","multiple":false}
&amp#27;[38;5;32m[AndroidUiautomator2Driver@21e6 (60a52d9d)]&amp#27;[0m Got response with status 200: {"sessionId":"738eeff9-bef7-4254-9fa5-af633999799e","value":{"ELEMENT":"00000000-0000-0342-ffff-ffff00000022","element-6066-11e4-a52e-4f735466cecf":"00000000-0000-0342-ffff-ffff00000022"}}
&amp#27;[38;5;32m[AndroidUiautomator2Driver@21e6 (60a52d9d)]&amp#27;[0m Responding to client with driver.findElement() result: {"element-6066-11e4-a52e-4f735466cecf":"00000000-0000-0342-ffff-ffff00000022","ELEMENT":"00000000-0000-0342-ffff-ffff00000022"}
&amp#27;[38;5;0m[HTTP]&amp#27;[0m &amp#27;[37m<-- POST /session/60a52d9d-79be-4fc9-ae3d-47db801fc9b5/element &amp#27;[39m&amp#27;[32m200&amp#27;[39m &amp#27;[90m147 ms - 137&amp#27;[39m
&amp#27;[38;5;0m[HTTP]&amp#27;[0m &amp#27;[90m&amp#27;[39m
&amp#27;[38;5;0m[HTTP]&amp#27;[0m &amp#27;[37m-->&amp#27;[39m &amp#27;[37mPOST&amp#27;[39m &amp#27;[37m/session/60a52d9d-79be-4fc9-ae3d-47db801fc9b5/element/00000000-0000-0342-ffff-ffff00000022/click&amp#27;[39m
&amp#27;[38;5;0m[HTTP]&amp#27;[0m &amp#27;[90m{"id":"00000000-0000-0342-ffff-ffff00000022"}&amp#27;[39m
&amp#27;[38;5;32m[AndroidUiautomator2Driver@21e6 (60a52d9d)]&amp#27;[0m Calling AppiumDriver.click() with args: ["00000000-0000-0342-ffff-ffff00000022","60a52d9d-79be-4fc9-ae3d-47db801fc9b5"]
&amp#27;[38;5;32m[AndroidUiautomator2Driver@21e6 (60a52d9d)]&amp#27;[0m Matched '/element/00000000-0000-0342-ffff-ffff00000022/click' to command name 'click'
&amp#27;[38;5;32m[AndroidUiautomator2Driver@21e6 (60a52d9d)]&amp#27;[0m Proxying [POST /element/00000000-0000-0342-ffff-ffff00000022/click] to [POST http://127.0.0.1:8200/session/738eeff9-bef7-4254-9fa5-af633999799e/element/00000000-0000-0342-ffff-ffff00000022/click] with body: {"element":"00000000-0000-0342-ffff-ffff00000022"}
&amp#27;[38;5;32m[AndroidUiautomator2Driver@21e6 (60a52d9d)]&amp#27;[0m Got response with status 200: {"sessionId":"738eeff9-bef7-4254-9fa5-af633999799e","value":null}
&amp#27;[38;5;32m[AndroidUiautomator2Driver@21e6 (60a52d9d)]&amp#27;[0m Responding to client with driver.click() result: null
&amp#27;[38;5;0m[HTTP]&amp#27;[0m &amp#27;[37m<-- POST /session/60a52d9d-79be-4fc9-ae3d-47db801fc9b5/element/00000000-0000-0342-ffff-ffff00000022/click &amp#27;[39m&amp#27;[32m200&amp#27;[39m &amp#27;[90m812 ms - 14&amp#27;[39m
&amp#27;[38;5;0m[HTTP]&amp#27;[0m &amp#27;[90m&amp#27;[39m
&amp#27;[38;5;0m[HTTP]&amp#27;[0m &amp#27;[37m-->&amp#27;[39m &amp#27;[37mPOST&amp#27;[39m &amp#27;[37m/session/60a52d9d-79be-4fc9-ae3d-47db801fc9b5/element&amp#27;[39m
&amp#27;[38;5;0m[HTTP]&amp#27;[0m &amp#27;[90m{"value":"(//android.widget.Toast)[1]","using":"xpath"}&amp#27;[39m
&amp#27;[38;5;32m[AndroidUiautomator2Driver@21e6 (60a52d9d)]&amp#27;[0m Calling AppiumDriver.findElement() with args: ["xpath","(//android.widget.Toast)[1]","60a52d9d-79be-4fc9-ae3d-47db801fc9b5"]
&amp#27;[38;5;32m[AndroidUiautomator2Driver@21e6 (60a52d9d)]&amp#27;[0m Valid locator strategies for this request: xpath, id, class name, accessibility id, css selector, -android uiautomator
&amp#27;[38;5;32m[AndroidUiautomator2Driver@21e6 (60a52d9d)]&amp#27;[0m Waiting up to 2000 ms for condition
&amp#27;[38;5;32m[AndroidUiautomator2Driver@21e6 (60a52d9d)]&amp#27;[0m Matched '/element' to command name 'findElement'
&amp#27;[38;5;32m[AndroidUiautomator2Driver@21e6 (60a52d9d)]&amp#27;[0m Proxying [POST /element] to [POST http://127.0.0.1:8200/session/738eeff9-bef7-4254-9fa5-af633999799e/element] with body: {"strategy":"xpath","selector":"(//android.widget.Toast)[1]","context":"","multiple":false}
&amp#27;[38;5;32m[AndroidUiautomator2Driver@21e6 (60a52d9d)]&amp#27;[0m Got response with status 200: {"sessionId":"738eeff9-bef7-4254-9fa5-af633999799e","value":{"ELEMENT":"8652b4bb-065b-4bc0-91c0-627b13de9251","element-6066-11e4-a52e-4f735466cecf":"8652b4bb-065b-4bc0-91c0-627b13de9251"}}
&amp#27;[38;5;32m[AndroidUiautomator2Driver@21e6 (60a52d9d)]&amp#27;[0m Responding to client with driver.findElement() result: {"element-6066-11e4-a52e-4f735466cecf":"8652b4bb-065b-4bc0-91c0-627b13de9251","ELEMENT":"8652b4bb-065b-4bc0-91c0-627b13de9251"}
&amp#27;[38;5;0m[HTTP]&amp#27;[0m &amp#27;[37m<-- POST /session/60a52d9d-79be-4fc9-ae3d-47db801fc9b5/element &amp#27;[39m&amp#27;[32m200&amp#27;[39m &amp#27;[90m3328 ms - 137&amp#27;[39m
&amp#27;[38;5;0m[HTTP]&amp#27;[0m &amp#27;[90m&amp#27;[39m
&amp#27;[38;5;0m[HTTP]&amp#27;[0m &amp#27;[37m-->&amp#27;[39m &amp#27;[37mGET&amp#27;[39m &amp#27;[37m/session/60a52d9d-79be-4fc9-ae3d-47db801fc9b5/element/8652b4bb-065b-4bc0-91c0-627b13de9251/attribute/name&amp#27;[39m
&amp#27;[38;5;0m[HTTP]&amp#27;[0m &amp#27;[90m{}&amp#27;[39m
&amp#27;[38;5;32m[AndroidUiautomator2Driver@21e6 (60a52d9d)]&amp#27;[0m Calling AppiumDriver.getAttribute() with args: ["name","8652b4bb-065b-4bc0-91c0-627b13de9251","60a52d9d-79be-4fc9-ae3d-47db801fc9b5"]
&amp#27;[38;5;32m[AndroidUiautomator2Driver@21e6 (60a52d9d)]&amp#27;[0m Matched '/element/8652b4bb-065b-4bc0-91c0-627b13de9251/attribute/name' to command name 'getAttribute'
&amp#27;[38;5;32m[AndroidUiautomator2Driver@21e6 (60a52d9d)]&amp#27;[0m Proxying [GET /element/8652b4bb-065b-4bc0-91c0-627b13de9251/attribute/name] to [GET http://127.0.0.1:8200/session/738eeff9-bef7-4254-9fa5-af633999799e/element/8652b4bb-065b-4bc0-91c0-627b13de9251/attribute/name] with no body
&amp#27;[38;5;32m[AndroidUiautomator2Driver@21e6 (60a52d9d)]&amp#27;[0m Got response with status 200: {"sessionId":"738eeff9-bef7-4254-9fa5-af633999799e","value":"Please enter your name"}
&amp#27;[38;5;32m[AndroidUiautomator2Driver@21e6 (60a52d9d)]&amp#27;[0m Responding to client with driver.getAttribute() result: "Please enter your name"
&amp#27;[38;5;0m[HTTP]&amp#27;[0m &amp#27;[37m<-- GET /session/60a52d9d-79be-4fc9-ae3d-47db801fc9b5/element/8652b4bb-065b-4bc0-91c0-627b13de9251/attribute/name &amp#27;[39m&amp#27;[32m200&amp#27;[39m &amp#27;[90m204 ms - 34&amp#27;[39m
&amp#27;[38;5;0m[HTTP]&amp#27;[0m &amp#27;[90m&amp#27;[39m
]]></system-out>
    <system-err><![CDATA[SLF4J: Failed to load class "org.slf4j.impl.StaticLoggerBinder".
SLF4J: Defaulting to no-operation (NOP) logger implementation
SLF4J: See http://www.slf4j.org/codes.html#StaticLoggerBinder for further details.
]]></system-err>
  </testcase>
</testsuite>