<?xml version="1.0" encoding="UTF-8"?>
<testng-results ignored="2" total="3" passed="1" failed="0" skipped="0">
  <reporter-output>
  </reporter-output>
  <suite started-at="2024-03-19T01:07:00 IST" name="Suite" finished-at="2024-03-19T01:09:00 IST" duration-ms="119766">
    <groups>
      <group name="smoke">
        <method signature="demoEcommerceAppE2ETC.enterblankUserLogin()[pri:0, instance:com.mobileautomationframework.android.demoEcommerceAppE2ETC@6fa51cd4]" name="enterblankUserLogin" class="com.mobileautomationframework.android.demoEcommerceAppE2ETC"/>
      </group> <!-- smoke -->
      <group name="sanity">
        <method signature="demoEcommerceAppE2ETC.enterblankUserLogin()[pri:0, instance:com.mobileautomationframework.android.demoEcommerceAppE2ETC@6fa51cd4]" name="enterblankUserLogin" class="com.mobileautomationframework.android.demoEcommerceAppE2ETC"/>
      </group> <!-- sanity -->
    </groups>
    <test started-at="2024-03-19T01:07:00 IST" name="Test" finished-at="2024-03-19T01:09:00 IST" duration-ms="119766">
      <class name="com.mobileautomationframework.android.demoEcommerceAppE2ETC">
        <test-method is-config="true" signature="configAppiumServer()[pri:0, instance:com.mobileautomationframework.android.demoEcommerceAppE2ETC@6fa51cd4]" started-at="2024-03-19T01:07:00 IST" name="configAppiumServer" finished-at="2024-03-19T01:08:39 IST" duration-ms="99048" status="PASS">
          <reporter-output>
          </reporter-output>
        </test-method> <!-- configAppiumServer -->
        <test-method signature="enterblankUserLogin()[pri:0, instance:com.mobileautomationframework.android.demoEcommerceAppE2ETC@6fa51cd4]" started-at="2024-03-19T01:08:39 IST" name="enterblankUserLogin" finished-at="2024-03-19T01:08:57 IST" duration-ms="18290" status="PASS">
          <reporter-output>
          </reporter-output>
        </test-method> <!-- enterblankUserLogin -->
        <test-method is-config="true" signature="tearDown()[pri:0, instance:com.mobileautomationframework.android.demoEcommerceAppE2ETC@6fa51cd4]" started-at="2024-03-19T01:08:58 IST" name="tearDown" finished-at="2024-03-19T01:09:00 IST" duration-ms="2212" status="PASS">
          <reporter-output>
          </reporter-output>
        </test-method> <!-- tearDown -->
      </class> <!-- com.mobileautomationframework.android.demoEcommerceAppE2ETC -->
    </test> <!-- Test -->
  </suite> <!-- Suite -->
</testng-results>
