<?xml version="1.0" encoding="UTF-8"?>
<testng-results ignored="0" total="3" passed="3" failed="0" skipped="0">
  <reporter-output>
  </reporter-output>
  <suite started-at="2024-03-17T22:59:21 IST" name="Suite" finished-at="2024-03-17T23:02:50 IST" duration-ms="209116">
    <groups>
      <group name="smoke">
        <method signature="demoEcommerceAppE2ETC.enterblankUserLogin()[pri:0, instance:com.mobileautomationframework.android.demoEcommerceAppE2ETC@7857fe2]" name="enterblankUserLogin" class="com.mobileautomationframework.android.demoEcommerceAppE2ETC"/>
      </group> <!-- smoke -->
      <group name="sanity">
        <method signature="demoEcommerceAppE2ETC.enterblankUserLogin()[pri:0, instance:com.mobileautomationframework.android.demoEcommerceAppE2ETC@7857fe2]" name="enterblankUserLogin" class="com.mobileautomationframework.android.demoEcommerceAppE2ETC"/>
        <method signature="demoEcommerceAppTC1.enterblankUserLogin()[pri:0, instance:com.mobileautomationframework.android.demoEcommerceAppTC1@782859e]" name="enterblankUserLogin" class="com.mobileautomationframework.android.demoEcommerceAppTC1"/>
        <method signature="demoEcommerceAppE2ETC.enterValidLogin(java.util.HashMap)[pri:1, instance:com.mobileautomationframework.android.demoEcommerceAppE2ETC@7857fe2]" name="enterValidLogin" class="com.mobileautomationframework.android.demoEcommerceAppE2ETC"/>
      </group> <!-- sanity -->
    </groups>
    <test started-at="2024-03-17T22:59:21 IST" name="Test" finished-at="2024-03-17T23:02:50 IST" duration-ms="209116">
      <class name="com.mobileautomationframework.android.demoEcommerceAppE2ETC">
        <test-method is-config="true" signature="configAppiumServer()[pri:0, instance:com.mobileautomationframework.android.demoEcommerceAppE2ETC@7857fe2]" started-at="2024-03-17T23:00:42 IST" name="configAppiumServer" finished-at="2024-03-17T23:01:51 IST" duration-ms="68644" status="PASS">
          <reporter-output>
          </reporter-output>
        </test-method> <!-- configAppiumServer -->
        <test-method signature="enterblankUserLogin()[pri:0, instance:com.mobileautomationframework.android.demoEcommerceAppE2ETC@7857fe2]" started-at="2024-03-17T23:01:51 IST" name="enterblankUserLogin" finished-at="2024-03-17T23:02:01 IST" duration-ms="10344" status="PASS">
          <reporter-output>
          </reporter-output>
        </test-method> <!-- enterblankUserLogin -->
        <test-method signature="enterValidLogin(java.util.HashMap)[pri:1, instance:com.mobileautomationframework.android.demoEcommerceAppE2ETC@7857fe2]" started-at="2024-03-17T23:02:01 IST" name="enterValidLogin" data-provider="userLoginData" finished-at="2024-03-17T23:02:46 IST" duration-ms="45135" status="PASS">
          <params>
            <param index="0">
              <value>
                <![CDATA[{name=Nisha, country=Australia, gender=female}]]>
              </value>
            </param>
          </params>
          <reporter-output>
          </reporter-output>
        </test-method> <!-- enterValidLogin -->
        <test-method is-config="true" signature="tearDown()[pri:0, instance:com.mobileautomationframework.android.demoEcommerceAppE2ETC@7857fe2]" started-at="2024-03-17T23:02:46 IST" name="tearDown" finished-at="2024-03-17T23:02:50 IST" duration-ms="3670" status="PASS">
          <reporter-output>
          </reporter-output>
        </test-method> <!-- tearDown -->
      </class> <!-- com.mobileautomationframework.android.demoEcommerceAppE2ETC -->
      <class name="com.mobileautomationframework.android.demoEcommerceAppTC1">
        <test-method is-config="true" signature="configAppiumServer()[pri:0, instance:com.mobileautomationframework.android.demoEcommerceAppTC1@782859e]" started-at="2024-03-17T22:59:21 IST" name="configAppiumServer" finished-at="2024-03-17T23:00:21 IST" duration-ms="59510" status="PASS">
          <reporter-output>
          </reporter-output>
        </test-method> <!-- configAppiumServer -->
        <test-method signature="enterblankUserLogin()[pri:0, instance:com.mobileautomationframework.android.demoEcommerceAppTC1@782859e]" started-at="2024-03-17T23:00:21 IST" name="enterblankUserLogin" finished-at="2024-03-17T23:00:39 IST" duration-ms="17850" status="PASS">
          <reporter-output>
          </reporter-output>
        </test-method> <!-- enterblankUserLogin -->
        <test-method is-config="true" signature="tearDown()[pri:0, instance:com.mobileautomationframework.android.demoEcommerceAppTC1@782859e]" started-at="2024-03-17T23:00:39 IST" name="tearDown" finished-at="2024-03-17T23:00:42 IST" duration-ms="3352" status="PASS">
          <reporter-output>
          </reporter-output>
        </test-method> <!-- tearDown -->
      </class> <!-- com.mobileautomationframework.android.demoEcommerceAppTC1 -->
    </test> <!-- Test -->
  </suite> <!-- Suite -->
</testng-results>
